make  all-am
make[1]: Entering directory '/home/zak/tor'
  CC       src/app/main/tor_main.o
  CC       src/core/crypto/hs_ntor.o
  CC       src/core/crypto/onion_crypto.o
  CC       src/core/crypto/onion_fast.o
  CC       src/core/crypto/onion_ntor.o
  CC       src/core/crypto/onion_ntor_v3.o
  CC       src/core/crypto/relay_crypto.o
  CC       src/core/mainloop/connection.o
  CC       src/core/mainloop/cpuworker.o
  CC       src/core/mainloop/mainloop.o
  CC       src/core/mainloop/mainloop_pubsub.o
  CC       src/core/mainloop/mainloop_sys.o
  CC       src/core/mainloop/netstatus.o
  CC       src/core/mainloop/periodic.o
  CC       src/core/or/address_set.o
  CC       src/core/or/channel.o
  CC       src/core/or/channelpadding.o
  CC       src/core/or/channeltls.o
  CC       src/core/or/circuitbuild.o
  CC       src/core/or/circuitlist.o
  CC       src/core/or/circuitmux.o
  CC       src/core/or/circuitmux_ewma.o
  CC       src/core/or/circuitpadding.o
  CC       src/core/or/circuitpadding_machines.o
  CC       src/core/or/circuitstats.o
  CC       src/core/or/circuituse.o
  CC       src/core/or/crypt_path.o
  CC       src/core/or/command.o
  CC       src/core/or/connection_edge.o
  CC       src/core/or/connection_or.o
  CC       src/core/or/dos.o
  CC       src/core/or/dos_config.o
  CC       src/core/or/dos_sys.o
  CC       src/core/or/extendinfo.o
  CC       src/core/or/onion.o
  CC       src/core/or/ocirc_event.o
  CC       src/core/or/or_periodic.o
  CC       src/core/or/or_sys.o
  CC       src/core/or/orconn_event.o
  CC       src/core/or/policies.o
  CC       src/core/or/protover.o
  CC       src/core/or/reasons.o
  CC       src/core/or/relay.o
  CC       src/core/or/scheduler.o
  CC       src/core/or/scheduler_kist.o
  CC       src/core/or/scheduler_vanilla.o
  CC       src/core/or/sendme.o
  CC       src/core/or/congestion_control_common.o
  CC       src/core/or/congestion_control_vegas.o
  CC       src/core/or/congestion_control_flow.o
  CC       src/core/or/conflux.o
  CC       src/core/or/conflux_cell.o
  CC       src/core/or/conflux_params.o
  CC       src/core/or/conflux_pool.o
  CC       src/core/or/conflux_sys.o
  CC       src/core/or/conflux_util.o
  CC       src/core/or/status.o
  CC       src/core/or/versions.o
  CC       src/core/proto/proto_cell.o
  CC       src/core/proto/proto_control0.o
  CC       src/core/proto/proto_ext_or.o
  CC       src/core/proto/proto_haproxy.o
  CC       src/core/proto/proto_http.o
  CC       src/core/proto/proto_socks.o
  CC       src/feature/api/tor_api.o
  CC       src/feature/client/addressmap.o
  CC       src/feature/client/bridges.o
  CC       src/feature/client/circpathbias.o
  CC       src/feature/client/dnsserv.o
  CC       src/feature/client/entrynodes.o
  CC       src/feature/client/proxymode.o
  CC       src/feature/client/transports.o
  CC       src/feature/control/btrack.o
  CC       src/feature/control/btrack_circuit.o
  CC       src/feature/control/btrack_orconn.o
  CC       src/feature/control/btrack_orconn_cevent.o
  CC       src/feature/control/btrack_orconn_maps.o
  CC       src/feature/control/control.o
  CC       src/feature/control/control_auth.o
  CC       src/feature/control/control_bootstrap.o
  CC       src/feature/control/control_cmd.o
  CC       src/feature/control/control_hs.o
  CC       src/feature/control/control_events.o
  CC       src/feature/control/control_fmt.o
  CC       src/feature/control/control_getinfo.o
  CC       src/feature/control/control_proto.o
  CC       src/feature/control/getinfo_geoip.o
  CC       src/feature/dirauth/authmode.o
  CC       src/feature/dirauth/bridgeauth.o
  CC       src/feature/dirauth/bwauth.o
  CC       src/feature/dirauth/dirauth_config.o
  CC       src/feature/dirauth/dirauth_periodic.o
  CC       src/feature/dirauth/dirauth_sys.o
  CC       src/feature/dirauth/dircollate.o
  CC       src/feature/dirauth/dirvote.o
  CC       src/feature/dirauth/dsigs_parse.o
  CC       src/feature/dirauth/guardfraction.o
  CC       src/feature/dirauth/keypin.o
  CC       src/feature/dirauth/process_descs.o
  CC       src/feature/dirauth/reachability.o
  CC       src/feature/dirauth/recommend_pkg.o
  CC       src/feature/dirauth/shared_random.o
  CC       src/feature/dirauth/shared_random_state.o
  CC       src/feature/dirauth/voteflags.o
  CC       src/feature/dirauth/voting_schedule.o
  CC       src/feature/dircache/conscache.o
  CC       src/feature/dircache/consdiffmgr.o
  CC       src/feature/dircache/dircache.o
  CC       src/feature/dircache/dirserv.o
  CC       src/feature/dirclient/dirclient.o
  CC       src/feature/dirclient/dirclient_modes.o
  CC       src/feature/dirclient/dlstatus.o
  CC       src/feature/dircommon/consdiff.o
  CC       src/feature/dircommon/directory.o
  CC       src/feature/dircommon/fp_pair.o
  CC       src/feature/dirparse/authcert_parse.o
  CC       src/feature/dirparse/microdesc_parse.o
  CC       src/feature/dirparse/ns_parse.o
  CC       src/feature/dirparse/parsecommon.o
  CC       src/feature/dirparse/policy_parse.o
  CC       src/feature/dirparse/routerparse.o
  CC       src/feature/dirparse/sigcommon.o
  CC       src/feature/dirparse/signing.o
  CC       src/feature/dirparse/unparseable.o
  CC       src/feature/hibernate/hibernate.o
  CC       src/feature/hs_common/replaycache.o
  CC       src/feature/hs_common/shared_random_client.o
  CC       src/feature/hs/hs_cache.o
  CC       src/feature/hs/hs_cell.o
  CC       src/feature/hs/hs_circuit.o
  CC       src/feature/hs/hs_circuitmap.o
  CC       src/feature/hs/hs_client.o
  CC       src/feature/hs/hs_common.o
  CC       src/feature/hs/hs_config.o
  CC       src/feature/hs/hs_control.o
  CC       src/feature/hs/hs_descriptor.o
  CC       src/feature/hs/hs_dos.o
  CC       src/feature/hs/hs_ident.o
  CC       src/feature/hs/hs_intropoint.o
  CC       src/feature/hs/hs_metrics.o
  CC       src/feature/hs/hs_ob.o
  CC       src/feature/hs/hs_service.o
  CC       src/feature/hs/hs_stats.o
  CC       src/feature/hs/hs_sys.o
  CC       src/feature/hs/hs_metrics_entry.o
  CC       src/feature/keymgt/loadkey.o
  CC       src/feature/metrics/metrics.o
  CC       src/feature/metrics/metrics_sys.o
  CC       src/feature/nodelist/authcert.o
  CC       src/feature/nodelist/describe.o
  CC       src/feature/nodelist/dirlist.o
  CC       src/feature/nodelist/microdesc.o
  CC       src/feature/nodelist/networkstatus.o
  CC       src/feature/nodelist/nickname.o
  CC       src/feature/nodelist/nodefamily.o
  CC       src/feature/nodelist/nodelist.o
  CC       src/feature/nodelist/node_select.o
  CC       src/feature/nodelist/routerinfo.o
  CC       src/feature/nodelist/routerlist.o
  CC       src/feature/nodelist/routerset.o
  CC       src/feature/nodelist/fmt_routerstatus.o
  CC       src/feature/nodelist/torcert.o
  CC       src/feature/relay/onion_queue.o
  CC       src/feature/relay/relay_find_addr.o
  CC       src/feature/relay/router.o
  CC       src/feature/relay/circuitbuild_relay.o
  CC       src/feature/relay/dns.o
  CC       src/feature/relay/ext_orport.o
  CC       src/feature/relay/routermode.o
  CC       src/feature/relay/relay_config.o
  CC       src/feature/relay/relay_handshake.o
  CC       src/feature/relay/relay_metrics.o
  CC       src/feature/relay/relay_periodic.o
  CC       src/feature/relay/relay_sys.o
  CC       src/feature/relay/routerkeys.o
  CC       src/feature/relay/selftest.o
  CC       src/feature/relay/transport_config.o
  CC       src/feature/rend/rendcommon.o
  CC       src/feature/rend/rendmid.o
  CC       src/feature/stats/bwhist.o
  CC       src/feature/stats/connstats.o
  CC       src/feature/stats/geoip_stats.o
  CC       src/feature/stats/rephist.o
  CC       src/feature/stats/predict_ports.o
  CC       src/app/config/config.o
  CC       src/app/config/quiet_level.o
  CC       src/app/config/resolve_addr.o
  CC       src/app/config/statefile.o
  CC       src/app/main/main.o
  CC       src/app/main/risky_options.o
  CC       src/app/main/shutdown.o
  CC       src/app/main/subsystem_list.o
  CC       src/app/main/subsysmgr.o
  AR       src/core/libtor-app.a
ar: `u' modifier ignored since `D' is the default (see `U')
  CC       src/lib/compress/compress.o
  CC       src/lib/compress/compress_buf.o
  CC       src/lib/compress/compress_lzma.o
  CC       src/lib/compress/compress_none.o
  CC       src/lib/compress/compress_zlib.o
  CC       src/lib/compress/compress_zstd.o
  AR       src/lib/libtor-compress.a
ar: `u' modifier ignored since `D' is the default (see `U')
  CC       src/lib/evloop/compat_libevent.o
  CC       src/lib/evloop/evloop_sys.o
  CC       src/lib/evloop/procmon.o
  CC       src/lib/evloop/timers.o
  CC       src/lib/evloop/token_bucket.o
  CC       src/lib/evloop/workqueue.o
  AR       src/lib/libtor-evloop.a
ar: `u' modifier ignored since `D' is the default (see `U')
  CC       src/lib/tls/libtor_tls_a-buffers_tls.o
  CC       src/lib/tls/libtor_tls_a-tortls.o
  CC       src/lib/tls/libtor_tls_a-x509.o
  CC       src/lib/tls/libtor_tls_a-tortls_openssl.o
  CC       src/lib/tls/libtor_tls_a-x509_openssl.o
  AR       src/lib/libtor-tls.a
ar: `u' modifier ignored since `D' is the default (see `U')
  CC       src/lib/crypt_ops/libtor_crypt_ops_a-crypto_cipher.o
  CC       src/lib/crypt_ops/libtor_crypt_ops_a-crypto_curve25519.o
  CC       src/lib/crypt_ops/libtor_crypt_ops_a-crypto_dh.o
  CC       src/lib/crypt_ops/libtor_crypt_ops_a-crypto_digest.o
  CC       src/lib/crypt_ops/libtor_crypt_ops_a-crypto_ed25519.o
  CC       src/lib/crypt_ops/libtor_crypt_ops_a-crypto_format.o
  CC       src/lib/crypt_ops/libtor_crypt_ops_a-crypto_hkdf.o
  CC       src/lib/crypt_ops/libtor_crypt_ops_a-crypto_init.o
  CC       src/lib/crypt_ops/libtor_crypt_ops_a-crypto_ope.o
  CC       src/lib/crypt_ops/libtor_crypt_ops_a-crypto_pwbox.o
  CC       src/lib/crypt_ops/libtor_crypt_ops_a-crypto_rand.o
  CC       src/lib/crypt_ops/libtor_crypt_ops_a-crypto_rand_fast.o
  CC       src/lib/crypt_ops/libtor_crypt_ops_a-crypto_rand_numeric.o
  CC       src/lib/crypt_ops/libtor_crypt_ops_a-crypto_rsa.o
  CC       src/lib/crypt_ops/libtor_crypt_ops_a-crypto_s2k.o
  CC       src/lib/crypt_ops/libtor_crypt_ops_a-crypto_util.o
  CC       src/lib/crypt_ops/libtor_crypt_ops_a-digestset.o
  CC       src/lib/crypt_ops/libtor_crypt_ops_a-aes_openssl.o
  CC       src/lib/crypt_ops/libtor_crypt_ops_a-crypto_digest_openssl.o
  CC       src/lib/crypt_ops/libtor_crypt_ops_a-crypto_rsa_openssl.o
  CC       src/lib/crypt_ops/libtor_crypt_ops_a-crypto_dh_openssl.o
  CC       src/lib/crypt_ops/libtor_crypt_ops_a-crypto_openssl_mgt.o
  AR       src/lib/libtor-crypt-ops.a
ar: `u' modifier ignored since `D' is the default (see `U')
  CC       src/ext/keccak-tiny/libkeccak_tiny_a-keccak-tiny-unrolled.o
  AR       src/ext/keccak-tiny/libkeccak-tiny.a
ar: `u' modifier ignored since `D' is the default (see `U')
  CC       src/ext/curve25519_donna/lib_libcurve25519_donna_a-curve25519-donna-c64.o
  AR       src/lib/libcurve25519_donna.a
ar: `u' modifier ignored since `D' is the default (see `U')
  CC       src/ext/ed25519/ref10/libed25519_ref10_a-fe_0.o
  CC       src/ext/ed25519/ref10/libed25519_ref10_a-fe_1.o
  CC       src/ext/ed25519/ref10/libed25519_ref10_a-fe_add.o
  CC       src/ext/ed25519/ref10/libed25519_ref10_a-fe_cmov.o
  CC       src/ext/ed25519/ref10/libed25519_ref10_a-fe_copy.o
  CC       src/ext/ed25519/ref10/libed25519_ref10_a-fe_frombytes.o
  CC       src/ext/ed25519/ref10/libed25519_ref10_a-fe_invert.o
  CC       src/ext/ed25519/ref10/libed25519_ref10_a-fe_isnegative.o
  CC       src/ext/ed25519/ref10/libed25519_ref10_a-fe_isnonzero.o
  CC       src/ext/ed25519/ref10/libed25519_ref10_a-fe_mul.o
  CC       src/ext/ed25519/ref10/libed25519_ref10_a-fe_neg.o
  CC       src/ext/ed25519/ref10/libed25519_ref10_a-fe_pow22523.o
  CC       src/ext/ed25519/ref10/libed25519_ref10_a-fe_sq.o
  CC       src/ext/ed25519/ref10/libed25519_ref10_a-fe_sq2.o
  CC       src/ext/ed25519/ref10/libed25519_ref10_a-fe_sub.o
  CC       src/ext/ed25519/ref10/libed25519_ref10_a-fe_tobytes.o
  CC       src/ext/ed25519/ref10/libed25519_ref10_a-ge_add.o
  CC       src/ext/ed25519/ref10/libed25519_ref10_a-ge_double_scalarmult.o
  CC       src/ext/ed25519/ref10/libed25519_ref10_a-ge_frombytes.o
  CC       src/ext/ed25519/ref10/libed25519_ref10_a-ge_madd.o
  CC       src/ext/ed25519/ref10/libed25519_ref10_a-ge_msub.o
  CC       src/ext/ed25519/ref10/libed25519_ref10_a-ge_p1p1_to_p2.o
  CC       src/ext/ed25519/ref10/libed25519_ref10_a-ge_p1p1_to_p3.o
  CC       src/ext/ed25519/ref10/libed25519_ref10_a-ge_p2_0.o
  CC       src/ext/ed25519/ref10/libed25519_ref10_a-ge_p2_dbl.o
  CC       src/ext/ed25519/ref10/libed25519_ref10_a-ge_p3_0.o
  CC       src/ext/ed25519/ref10/libed25519_ref10_a-ge_p3_dbl.o
  CC       src/ext/ed25519/ref10/libed25519_ref10_a-ge_p3_to_cached.o
  CC       src/ext/ed25519/ref10/libed25519_ref10_a-ge_p3_to_p2.o
  CC       src/ext/ed25519/ref10/libed25519_ref10_a-ge_p3_tobytes.o
  CC       src/ext/ed25519/ref10/libed25519_ref10_a-ge_precomp_0.o
  CC       src/ext/ed25519/ref10/libed25519_ref10_a-ge_scalarmult_base.o
  CC       src/ext/ed25519/ref10/libed25519_ref10_a-ge_sub.o
  CC       src/ext/ed25519/ref10/libed25519_ref10_a-ge_tobytes.o
  CC       src/ext/ed25519/ref10/libed25519_ref10_a-keypair.o
  CC       src/ext/ed25519/ref10/libed25519_ref10_a-open.o
  CC       src/ext/ed25519/ref10/libed25519_ref10_a-sc_muladd.o
  CC       src/ext/ed25519/ref10/libed25519_ref10_a-sc_reduce.o
  CC       src/ext/ed25519/ref10/libed25519_ref10_a-sign.o
  CC       src/ext/ed25519/ref10/libed25519_ref10_a-keyconv.o
  CC       src/ext/ed25519/ref10/libed25519_ref10_a-blinding.o
  AR       src/ext/ed25519/ref10/libed25519_ref10.a
ar: `u' modifier ignored since `D' is the default (see `U')
  CC       src/ext/ed25519/donna/libed25519_donna_a-ed25519_tor.o
  AR       src/ext/ed25519/donna/libed25519_donna.a
ar: `u' modifier ignored since `D' is the default (see `U')
  CC       src/lib/geoip/geoip.o
  AR       src/lib/libtor-geoip.a
ar: `u' modifier ignored since `D' is the default (see `U')
  CC       src/lib/process/daemon.o
  CC       src/lib/process/env.o
  CC       src/lib/process/pidfile.o
  CC       src/lib/process/process.o
  CC       src/lib/process/process_sys.o
  CC       src/lib/process/process_unix.o
  CC       src/lib/process/process_win32.o
  CC       src/lib/process/restrict.o
  CC       src/lib/process/setuid.o
  CC       src/lib/process/waitpid.o
  AR       src/lib/libtor-process.a
ar: `u' modifier ignored since `D' is the default (see `U')
  CC       src/lib/buf/buffers.o
  AR       src/lib/libtor-buf.a
ar: `u' modifier ignored since `D' is the default (see `U')
  CC       src/lib/confmgt/confmgt.o
  CC       src/lib/confmgt/structvar.o
  CC       src/lib/confmgt/type_defs.o
  CC       src/lib/confmgt/typedvar.o
  CC       src/lib/confmgt/unitparse.o
  AR       src/lib/libtor-confmgt.a
ar: `u' modifier ignored since `D' is the default (see `U')
  CC       src/lib/pubsub/pubsub_build.o
  CC       src/lib/pubsub/pubsub_check.o
  CC       src/lib/pubsub/pubsub_publish.o
  AR       src/lib/libtor-pubsub.a
ar: `u' modifier ignored since `D' is the default (see `U')
  CC       src/lib/dispatch/dispatch_cfg.o
  CC       src/lib/dispatch/dispatch_core.o
  CC       src/lib/dispatch/dispatch_naming.o
  CC       src/lib/dispatch/dispatch_new.o
  AR       src/lib/libtor-dispatch.a
ar: `u' modifier ignored since `D' is the default (see `U')
  CC       src/lib/time/compat_time.o
  CC       src/lib/time/time_sys.o
  CC       src/lib/time/tvdiff.o
  AR       src/lib/libtor-time.a
ar: `u' modifier ignored since `D' is the default (see `U')
  CC       src/lib/fs/conffile.o
  CC       src/lib/fs/dir.o
  CC       src/lib/fs/files.o
  CC       src/lib/fs/freespace.o
  CC       src/lib/fs/lockfile.o
  CC       src/lib/fs/mmap.o
  CC       src/lib/fs/path.o
  CC       src/lib/fs/storagedir.o
  CC       src/lib/fs/userdb.o
  AR       src/lib/libtor-fs.a
ar: `u' modifier ignored since `D' is the default (see `U')
  CC       src/lib/encoding/binascii.o
  CC       src/lib/encoding/confline.o
  CC       src/lib/encoding/cstring.o
  CC       src/lib/encoding/keyval.o
  CC       src/lib/encoding/kvline.o
  CC       src/lib/encoding/pem.o
  CC       src/lib/encoding/qstring.o
  CC       src/lib/encoding/time_fmt.o
  AR       src/lib/libtor-encoding.a
ar: `u' modifier ignored since `D' is the default (see `U')
  CC       src/lib/sandbox/sandbox.o
  AR       src/lib/libtor-sandbox.a
ar: `u' modifier ignored since `D' is the default (see `U')
  CC       src/lib/container/bloomfilt.o
  CC       src/lib/container/map.o
  CC       src/lib/container/namemap.o
  CC       src/lib/container/order.o
  CC       src/lib/container/smartlist.o
  AR       src/lib/libtor-container.a
ar: `u' modifier ignored since `D' is the default (see `U')
  CC       src/lib/net/address.o
  CC       src/lib/net/alertsock.o
  CC       src/lib/net/buffers_net.o
  CC       src/lib/net/gethostname.o
  CC       src/lib/net/inaddr.o
  CC       src/lib/net/network_sys.o
  CC       src/lib/net/resolve.o
  CC       src/lib/net/socket.o
  CC       src/lib/net/socketpair.o
  AR       src/lib/libtor-net.a
ar: `u' modifier ignored since `D' is the default (see `U')
  CC       src/lib/thread/compat_threads.o
  CC       src/lib/thread/numcpus.o
  CC       src/lib/thread/compat_pthreads.o
  AR       src/lib/libtor-thread.a
ar: `u' modifier ignored since `D' is the default (see `U')
  CC       src/lib/memarea/memarea.o
  AR       src/lib/libtor-memarea.a
ar: `u' modifier ignored since `D' is the default (see `U')
  CC       src/lib/math/fp.o
  CC       src/lib/math/laplace.o
  CC       src/lib/math/prob_distr.o
  AR       src/lib/libtor-math.a
ar: `u' modifier ignored since `D' is the default (see `U')
  CC       src/lib/meminfo/meminfo.o
  AR       src/lib/libtor-meminfo.a
ar: `u' modifier ignored since `D' is the default (see `U')
  CC       src/lib/osinfo/uname.o
  CC       src/lib/osinfo/libc.o
  AR       src/lib/libtor-osinfo.a
ar: `u' modifier ignored since `D' is the default (see `U')
  CC       src/lib/log/escape.o
  CC       src/lib/log/ratelim.o
  CC       src/lib/log/log.o
  CC       src/lib/log/log_sys.o
  CC       src/lib/log/util_bug.o
  AR       src/lib/libtor-log.a
ar: `u' modifier ignored since `D' is the default (see `U')
  CC       src/lib/lock/compat_mutex.o
  CC       src/lib/lock/compat_mutex_pthreads.o
  AR       src/lib/libtor-lock.a
ar: `u' modifier ignored since `D' is the default (see `U')
  CC       src/lib/fdio/fdio.o
  AR       src/lib/libtor-fdio.a
ar: `u' modifier ignored since `D' is the default (see `U')
  CC       src/lib/string/compat_ctype.o
  CC       src/lib/string/compat_string.o
  CC       src/lib/string/util_string.o
  CC       src/lib/string/parse_int.o
  CC       src/lib/string/printf.o
  CC       src/lib/string/scanf.o
  AR       src/lib/libtor-string.a
ar: `u' modifier ignored since `D' is the default (see `U')
  CC       src/lib/term/getpass.o
  CC       src/ext/readpassphrase.o
  AR       src/lib/libtor-term.a
ar: `u' modifier ignored since `D' is the default (see `U')
  CC       src/lib/smartlist_core/smartlist_core.o
  CC       src/lib/smartlist_core/smartlist_split.o
  AR       src/lib/libtor-smartlist-core.a
ar: `u' modifier ignored since `D' is the default (see `U')
  CC       src/lib/malloc/malloc.o
  CC       src/lib/malloc/map_anon.o
  AR       src/lib/libtor-malloc.a
ar: `u' modifier ignored since `D' is the default (see `U')
  CC       src/lib/wallclock/approx_time.o
  CC       src/lib/wallclock/time_to_tm.o
  CC       src/lib/wallclock/tor_gettimeofday.o
  AR       src/lib/libtor-wallclock.a
ar: `u' modifier ignored since `D' is the default (see `U')
  CC       src/lib/err/backtrace.o
  CC       src/lib/err/torerr.o
  CC       src/lib/err/torerr_sys.o
  AR       src/lib/libtor-err.a
ar: `u' modifier ignored since `D' is the default (see `U')
  CC       src/lib/version/git_revision.o
  CC       src/lib/version/version.o
  AR       src/lib/libtor-version.a
ar: `u' modifier ignored since `D' is the default (see `U')
  CC       src/lib/llharden/winprocess_sys.o
  AR       src/lib/libtor-llharden.a
ar: `u' modifier ignored since `D' is the default (see `U')
  CC       src/lib/intmath/addsub.o
  CC       src/lib/intmath/bits.o
  CC       src/lib/intmath/muldiv.o
  CC       src/lib/intmath/weakrng.o
  AR       src/lib/libtor-intmath.a
ar: `u' modifier ignored since `D' is the default (see `U')
  CC       src/ext/lib_libtor_ctime_a-csiphash.o
  CC       src/lib/ctime/libtor_ctime_a-di_ops.o
  AR       src/lib/libtor-ctime.a
ar: `u' modifier ignored since `D' is the default (see `U')
  CC       src/lib/metrics/metrics_store.o
  CC       src/lib/metrics/metrics_store_entry.o
  CC       src/lib/metrics/metrics_common.o
  CC       src/lib/metrics/prometheus.o
  AR       src/lib/libtor-metrics.a
ar: `u' modifier ignored since `D' is the default (see `U')
  CC       src/ext/trunnel/trunnel_libor_trunnel_a-trunnel.o
  CC       src/trunnel/libor_trunnel_a-ed25519_cert.o
  CC       src/trunnel/libor_trunnel_a-extension.o
  CC       src/trunnel/libor_trunnel_a-link_handshake.o
  CC       src/trunnel/libor_trunnel_a-pwbox.o
  CC       src/trunnel/hs/libor_trunnel_a-cell_establish_intro.o
  CC       src/trunnel/hs/libor_trunnel_a-cell_introduce1.o
  CC       src/trunnel/hs/libor_trunnel_a-cell_rendezvous.o
  CC       src/trunnel/libor_trunnel_a-channelpadding_negotiation.o
  CC       src/trunnel/libor_trunnel_a-sendme_cell.o
  CC       src/trunnel/libor_trunnel_a-flow_control_cells.o
  CC       src/trunnel/libor_trunnel_a-congestion_control.o
  CC       src/trunnel/libor_trunnel_a-socks5.o
  CC       src/trunnel/libor_trunnel_a-netinfo.o
  CC       src/trunnel/libor_trunnel_a-circpad_negotiation.o
  CC       src/trunnel/libor_trunnel_a-conflux.o
  AR       src/trunnel/libor-trunnel.a
ar: `u' modifier ignored since `D' is the default (see `U')
  CC       src/lib/trace/trace_stub.o
  AR       src/lib/libtor-trace.a
ar: `u' modifier ignored since `D' is the default (see `U')
  AR       libtor.a
ar: `u' modifier ignored since `D' is the default (see `U')
  CCLD     src/app/tor
  CC       src/tools/tor-resolve.o
  CCLD     src/tools/tor-resolve
  CC       src/tools/tor-print-ed-signing-cert.o
  CCLD     src/tools/tor-print-ed-signing-cert
  CC       src/tools/tor-gencert.o
  CCLD     src/tools/tor-gencert
  CC       src/test/bench.o
  CCLD     src/test/bench
  CC       src/test/test-fakecircs.o
  CC       src/test/test-log_test_helpers.o
  CC       src/test/test-hs_test_helpers.o
  CC       src/test/test-opts_test_helpers.o
  CC       src/test/test-resolve_test_helpers.o
  CC       src/test/test-rng_test_helpers.o
  CC       src/test/test-test.o
  CC       src/test/test-test_accounting.o
  CC       src/test/test-test_addr.o
  CC       src/test/test-test_address.o
  CC       src/test/test-test_address_set.o
  CC       src/test/test-test_bridges.o
  CC       src/test/test-test_btrack.o
  CC       src/test/test-test_buffers.o
  CC       src/test/test-test_bwmgt.o
  CC       src/test/test-test_cell_formats.o
  CC       src/test/test-test_cell_queue.o
  CC       src/test/test-test_channel.o
  CC       src/test/test-test_channelpadding.o
  CC       src/test/test-test_circuitpadding.o
  CC       src/test/test-test_channeltls.o
  CC       src/test/test-test_checkdir.o
  CC       src/test/test-test_circuitlist.o
  CC       src/test/test-test_circuitmux.o
  CC       src/test/test-test_circuitmux_ewma.o
  CC       src/test/test-test_circuitbuild.o
  CC       src/test/test-test_circuituse.o
  CC       src/test/test-test_circuitstats.o
  CC       src/test/test-test_compat_libevent.o
  CC       src/test/test-test_config.o
  CC       src/test/test-test_conflux_cell.o
  CC       src/test/test-test_conflux_pool.o
  CC       src/test/test-test_confmgr.o
  CC       src/test/test-test_confparse.o
  CC       src/test/test-test_congestion_control.o
  CC       src/test/test-test_connection.o
  CC       src/test/test-test_conscache.o
  CC       src/test/test-test_consdiff.o
  CC       src/test/test-test_consdiffmgr.o
  CC       src/test/test-test_containers.o
  CC       src/test/test-test_controller.o
  CC       src/test/test-test_controller_events.o
  CC       src/test/test-test_crypto.o
  CC       src/test/test-test_crypto_ope.o
  CC       src/test/test-test_crypto_rng.o
  CC       src/test/test-test_data.o
  CC       src/test/test-test_dir.o
  CC       src/test/test-test_dirauth_ports.o
  CC       src/test/test-test_dirvote.o
  CC       src/test/test-test_dir_common.o
  CC       src/test/test-test_dir_handle_get.o
  CC       src/test/test-test_dispatch.o
  CC       src/test/test-test_dos.o
  CC       src/test/test-test_entryconn.o
  CC       src/test/test-test_entrynodes.o
  CC       src/test/test-test_geoip.o
  CC       src/test/test-test_guardfraction.o
  CC       src/test/test-test_extorport.o
  CC       src/test/test-test_hs_common.o
  CC       src/test/test-test_hs_config.o
  CC       src/test/test-test_hs_cell.o
  CC       src/test/test-test_hs_ntor.o
  CC       src/test/test-test_hs_service.o
  CC       src/test/test-test_hs_client.o
  CC       src/test/test-test_hs_intropoint.o
  CC       src/test/test-test_hs_control.o
  CC       src/test/test-test_hs_ob.o
  CC       src/test/test-test_handles.o
  CC       src/test/test-test_hs_cache.o
  CC       src/test/test-test_hs_descriptor.o
  CC       src/test/test-test_hs_dos.o
  CC       src/test/test-test_hs_metrics.o
  CC       src/test/test-test_hs_pow.o
  CC       src/test/test-test_keypin.o
  CC       src/test/test-test_link_handshake.o
  CC       src/test/test-test_logging.o
  CC       src/test/test-test_mainloop.o
  CC       src/test/test-test_metrics.o
  CC       src/test/test-test_microdesc.o
  CC       src/test/test-test_namemap.o
  CC       src/test/test-test_netinfo.o
  CC       src/test/test-test_nodelist.o
  CC       src/test/test-test_ntor_v3.o
  CC       src/test/test-test_oom.o
  CC       src/test/test-test_oos.o
  CC       src/test/test-test_options.o
  CC       src/test/test-test_options_act.o
  CC       src/test/test-test_pem.o
  CC       src/test/test-test_periodic_event.o
  CC       src/test/test-test_policy.o
  CC       src/test/test-test_process.o
  CC       src/test/test-test_process_descs.o
  CC       src/test/test-test_prob_distr.o
  CC       src/test/test-test_procmon.o
  CC       src/test/test-test_proto_haproxy.o
  CC       src/test/test-test_proto_http.o
  CC       src/test/test-test_proto_misc.o
  CC       src/test/test-test_protover.o
  CC       src/test/test-test_pt.o
  CC       src/test/test-test_pubsub_build.o
  CC       src/test/test-test_pubsub_msg.o
  CC       src/test/test-test_relay.o
  CC       src/test/test-test_relaycell.o
  CC       src/test/test-test_relaycrypt.o
  CC       src/test/test-test_replay.o
  CC       src/test/test-test_router.o
  CC       src/test/test-test_routerkeys.o
  CC       src/test/test-test_routerlist.o
  CC       src/test/test-test_routerset.o
  CC       src/test/test-test_sandbox.o
  CC       src/test/test-test_scheduler.o
  CC       src/test/test-test_sendme.o
  CC       src/test/test-test_shared_random.o
  CC       src/test/test-test_socks.o
  CC       src/test/test-test_statefile.o
  CC       src/test/test-test_stats.o
  CC       src/test/test-test_status.o
  CC       src/test/test-test_storagedir.o
  CC       src/test/test-test_threads.o
  CC       src/test/test-test_token_bucket.o
  CC       src/test/test-test_tortls.o
  CC       src/test/test-test_util.o
  CC       src/test/test-test_util_format.o
  CC       src/test/test-test_util_process.o
  CC       src/test/test-test_voting_flags.o
  CC       src/test/test-test_voting_schedule.o
  CC       src/test/test-test_x509.o
  CC       src/test/test-test_helpers.o
  CC       src/test/test-test_dns.o
  CC       src/test/test-test_parsecommon.o
  CC       src/test/test-testing_common.o
  CC       src/test/test-testing_rsakeys.o
  CC       src/ext/test_test-tinytest.o
  CC       src/test/test-test_crypto_openssl.o
  CC       src/test/test-test_tortls_openssl.o
  CC       src/core/crypto/libtor_app_testing_a-hs_ntor.o
  CC       src/core/crypto/libtor_app_testing_a-onion_crypto.o
  CC       src/core/crypto/libtor_app_testing_a-onion_fast.o
  CC       src/core/crypto/libtor_app_testing_a-onion_ntor.o
  CC       src/core/crypto/libtor_app_testing_a-onion_ntor_v3.o
  CC       src/core/crypto/libtor_app_testing_a-relay_crypto.o
  CC       src/core/mainloop/libtor_app_testing_a-connection.o
  CC       src/core/mainloop/libtor_app_testing_a-cpuworker.o
  CC       src/core/mainloop/libtor_app_testing_a-mainloop.o
  CC       src/core/mainloop/libtor_app_testing_a-mainloop_pubsub.o
  CC       src/core/mainloop/libtor_app_testing_a-mainloop_sys.o
  CC       src/core/mainloop/libtor_app_testing_a-netstatus.o
  CC       src/core/mainloop/libtor_app_testing_a-periodic.o
  CC       src/core/or/libtor_app_testing_a-address_set.o
  CC       src/core/or/libtor_app_testing_a-channel.o
  CC       src/core/or/libtor_app_testing_a-channelpadding.o
  CC       src/core/or/libtor_app_testing_a-channeltls.o
  CC       src/core/or/libtor_app_testing_a-circuitbuild.o
  CC       src/core/or/libtor_app_testing_a-circuitlist.o
  CC       src/core/or/libtor_app_testing_a-circuitmux.o
  CC       src/core/or/libtor_app_testing_a-circuitmux_ewma.o
  CC       src/core/or/libtor_app_testing_a-circuitpadding.o
  CC       src/core/or/libtor_app_testing_a-circuitpadding_machines.o
  CC       src/core/or/libtor_app_testing_a-circuitstats.o
  CC       src/core/or/libtor_app_testing_a-circuituse.o
  CC       src/core/or/libtor_app_testing_a-crypt_path.o
  CC       src/core/or/libtor_app_testing_a-command.o
  CC       src/core/or/libtor_app_testing_a-connection_edge.o
  CC       src/core/or/libtor_app_testing_a-connection_or.o
  CC       src/core/or/libtor_app_testing_a-dos.o
  CC       src/core/or/libtor_app_testing_a-dos_config.o
  CC       src/core/or/libtor_app_testing_a-dos_sys.o
  CC       src/core/or/libtor_app_testing_a-extendinfo.o
  CC       src/core/or/libtor_app_testing_a-onion.o
  CC       src/core/or/libtor_app_testing_a-ocirc_event.o
  CC       src/core/or/libtor_app_testing_a-or_periodic.o
  CC       src/core/or/libtor_app_testing_a-or_sys.o
  CC       src/core/or/libtor_app_testing_a-orconn_event.o
  CC       src/core/or/libtor_app_testing_a-policies.o
  CC       src/core/or/libtor_app_testing_a-protover.o
  CC       src/core/or/libtor_app_testing_a-reasons.o
  CC       src/core/or/libtor_app_testing_a-relay.o
  CC       src/core/or/libtor_app_testing_a-scheduler.o
  CC       src/core/or/libtor_app_testing_a-scheduler_kist.o
  CC       src/core/or/libtor_app_testing_a-scheduler_vanilla.o
  CC       src/core/or/libtor_app_testing_a-sendme.o
  CC       src/core/or/libtor_app_testing_a-congestion_control_common.o
  CC       src/core/or/libtor_app_testing_a-congestion_control_vegas.o
  CC       src/core/or/libtor_app_testing_a-congestion_control_flow.o
  CC       src/core/or/libtor_app_testing_a-conflux.o
  CC       src/core/or/libtor_app_testing_a-conflux_cell.o
  CC       src/core/or/libtor_app_testing_a-conflux_params.o
  CC       src/core/or/libtor_app_testing_a-conflux_pool.o
  CC       src/core/or/libtor_app_testing_a-conflux_sys.o
  CC       src/core/or/libtor_app_testing_a-conflux_util.o
  CC       src/core/or/libtor_app_testing_a-status.o
  CC       src/core/or/libtor_app_testing_a-versions.o
  CC       src/core/proto/libtor_app_testing_a-proto_cell.o
  CC       src/core/proto/libtor_app_testing_a-proto_control0.o
  CC       src/core/proto/libtor_app_testing_a-proto_ext_or.o
  CC       src/core/proto/libtor_app_testing_a-proto_haproxy.o
  CC       src/core/proto/libtor_app_testing_a-proto_http.o
  CC       src/core/proto/libtor_app_testing_a-proto_socks.o
  CC       src/feature/api/core_libtor_app_testing_a-tor_api.o
  CC       src/feature/client/core_libtor_app_testing_a-addressmap.o
  CC       src/feature/client/core_libtor_app_testing_a-bridges.o
  CC       src/feature/client/core_libtor_app_testing_a-circpathbias.o
  CC       src/feature/client/core_libtor_app_testing_a-dnsserv.o
  CC       src/feature/client/core_libtor_app_testing_a-entrynodes.o
  CC       src/feature/client/core_libtor_app_testing_a-proxymode.o
  CC       src/feature/client/core_libtor_app_testing_a-transports.o
  CC       src/feature/control/core_libtor_app_testing_a-btrack.o
  CC       src/feature/control/core_libtor_app_testing_a-btrack_circuit.o
  CC       src/feature/control/core_libtor_app_testing_a-btrack_orconn.o
  CC       src/feature/control/core_libtor_app_testing_a-btrack_orconn_cevent.o
  CC       src/feature/control/core_libtor_app_testing_a-btrack_orconn_maps.o
  CC       src/feature/control/core_libtor_app_testing_a-control.o
  CC       src/feature/control/core_libtor_app_testing_a-control_auth.o
  CC       src/feature/control/core_libtor_app_testing_a-control_bootstrap.o
  CC       src/feature/control/core_libtor_app_testing_a-control_cmd.o
  CC       src/feature/control/core_libtor_app_testing_a-control_hs.o
  CC       src/feature/control/core_libtor_app_testing_a-control_events.o
  CC       src/feature/control/core_libtor_app_testing_a-control_fmt.o
  CC       src/feature/control/core_libtor_app_testing_a-control_getinfo.o
  CC       src/feature/control/core_libtor_app_testing_a-control_proto.o
  CC       src/feature/control/core_libtor_app_testing_a-getinfo_geoip.o
  CC       src/feature/dirauth/core_libtor_app_testing_a-authmode.o
  CC       src/feature/dirauth/core_libtor_app_testing_a-bridgeauth.o
  CC       src/feature/dirauth/core_libtor_app_testing_a-bwauth.o
  CC       src/feature/dirauth/core_libtor_app_testing_a-dirauth_config.o
  CC       src/feature/dirauth/core_libtor_app_testing_a-dirauth_periodic.o
  CC       src/feature/dirauth/core_libtor_app_testing_a-dirauth_sys.o
  CC       src/feature/dirauth/core_libtor_app_testing_a-dircollate.o
  CC       src/feature/dirauth/core_libtor_app_testing_a-dirvote.o
  CC       src/feature/dirauth/core_libtor_app_testing_a-dsigs_parse.o
  CC       src/feature/dirauth/core_libtor_app_testing_a-guardfraction.o
  CC       src/feature/dirauth/core_libtor_app_testing_a-keypin.o
  CC       src/feature/dirauth/core_libtor_app_testing_a-process_descs.o
  CC       src/feature/dirauth/core_libtor_app_testing_a-reachability.o
  CC       src/feature/dirauth/core_libtor_app_testing_a-recommend_pkg.o
  CC       src/feature/dirauth/core_libtor_app_testing_a-shared_random.o
  CC       src/feature/dirauth/core_libtor_app_testing_a-shared_random_state.o
  CC       src/feature/dirauth/core_libtor_app_testing_a-voteflags.o
  CC       src/feature/dirauth/core_libtor_app_testing_a-voting_schedule.o
  CC       src/feature/dircache/core_libtor_app_testing_a-conscache.o
  CC       src/feature/dircache/core_libtor_app_testing_a-consdiffmgr.o
  CC       src/feature/dircache/core_libtor_app_testing_a-dircache.o
  CC       src/feature/dircache/core_libtor_app_testing_a-dirserv.o
  CC       src/feature/dirclient/core_libtor_app_testing_a-dirclient.o
  CC       src/feature/dirclient/core_libtor_app_testing_a-dirclient_modes.o
  CC       src/feature/dirclient/core_libtor_app_testing_a-dlstatus.o
  CC       src/feature/dircommon/core_libtor_app_testing_a-consdiff.o
  CC       src/feature/dircommon/core_libtor_app_testing_a-directory.o
  CC       src/feature/dircommon/core_libtor_app_testing_a-fp_pair.o
  CC       src/feature/dirparse/core_libtor_app_testing_a-authcert_parse.o
  CC       src/feature/dirparse/core_libtor_app_testing_a-microdesc_parse.o
  CC       src/feature/dirparse/core_libtor_app_testing_a-ns_parse.o
  CC       src/feature/dirparse/core_libtor_app_testing_a-parsecommon.o
  CC       src/feature/dirparse/core_libtor_app_testing_a-policy_parse.o
  CC       src/feature/dirparse/core_libtor_app_testing_a-routerparse.o
  CC       src/feature/dirparse/core_libtor_app_testing_a-sigcommon.o
  CC       src/feature/dirparse/core_libtor_app_testing_a-signing.o
  CC       src/feature/dirparse/core_libtor_app_testing_a-unparseable.o
  CC       src/feature/hibernate/core_libtor_app_testing_a-hibernate.o
  CC       src/feature/hs_common/core_libtor_app_testing_a-replaycache.o
  CC       src/feature/hs_common/core_libtor_app_testing_a-shared_random_client.o
  CC       src/feature/hs/core_libtor_app_testing_a-hs_cache.o
  CC       src/feature/hs/core_libtor_app_testing_a-hs_cell.o
  CC       src/feature/hs/core_libtor_app_testing_a-hs_circuit.o
  CC       src/feature/hs/core_libtor_app_testing_a-hs_circuitmap.o
  CC       src/feature/hs/core_libtor_app_testing_a-hs_client.o
  CC       src/feature/hs/core_libtor_app_testing_a-hs_common.o
  CC       src/feature/hs/core_libtor_app_testing_a-hs_config.o
  CC       src/feature/hs/core_libtor_app_testing_a-hs_control.o
  CC       src/feature/hs/core_libtor_app_testing_a-hs_descriptor.o
  CC       src/feature/hs/core_libtor_app_testing_a-hs_dos.o
  CC       src/feature/hs/core_libtor_app_testing_a-hs_ident.o
  CC       src/feature/hs/core_libtor_app_testing_a-hs_intropoint.o
  CC       src/feature/hs/core_libtor_app_testing_a-hs_metrics.o
  CC       src/feature/hs/core_libtor_app_testing_a-hs_ob.o
  CC       src/feature/hs/core_libtor_app_testing_a-hs_service.o
  CC       src/feature/hs/core_libtor_app_testing_a-hs_stats.o
  CC       src/feature/hs/core_libtor_app_testing_a-hs_sys.o
  CC       src/feature/hs/core_libtor_app_testing_a-hs_metrics_entry.o
  CC       src/feature/keymgt/core_libtor_app_testing_a-loadkey.o
  CC       src/feature/metrics/core_libtor_app_testing_a-metrics.o
  CC       src/feature/metrics/core_libtor_app_testing_a-metrics_sys.o
  CC       src/feature/nodelist/core_libtor_app_testing_a-authcert.o
  CC       src/feature/nodelist/core_libtor_app_testing_a-describe.o
  CC       src/feature/nodelist/core_libtor_app_testing_a-dirlist.o
  CC       src/feature/nodelist/core_libtor_app_testing_a-microdesc.o
  CC       src/feature/nodelist/core_libtor_app_testing_a-networkstatus.o
  CC       src/feature/nodelist/core_libtor_app_testing_a-nickname.o
  CC       src/feature/nodelist/core_libtor_app_testing_a-nodefamily.o
  CC       src/feature/nodelist/core_libtor_app_testing_a-nodelist.o
  CC       src/feature/nodelist/core_libtor_app_testing_a-node_select.o
  CC       src/feature/nodelist/core_libtor_app_testing_a-routerinfo.o
  CC       src/feature/nodelist/core_libtor_app_testing_a-routerlist.o
  CC       src/feature/nodelist/core_libtor_app_testing_a-routerset.o
  CC       src/feature/nodelist/core_libtor_app_testing_a-fmt_routerstatus.o
  CC       src/feature/nodelist/core_libtor_app_testing_a-torcert.o
  CC       src/feature/relay/core_libtor_app_testing_a-onion_queue.o
  CC       src/feature/relay/core_libtor_app_testing_a-relay_find_addr.o
  CC       src/feature/relay/core_libtor_app_testing_a-router.o
  CC       src/feature/relay/core_libtor_app_testing_a-circuitbuild_relay.o
  CC       src/feature/relay/core_libtor_app_testing_a-dns.o
  CC       src/feature/relay/core_libtor_app_testing_a-ext_orport.o
  CC       src/feature/relay/core_libtor_app_testing_a-routermode.o
  CC       src/feature/relay/core_libtor_app_testing_a-relay_config.o
  CC       src/feature/relay/core_libtor_app_testing_a-relay_handshake.o
  CC       src/feature/relay/core_libtor_app_testing_a-relay_metrics.o
  CC       src/feature/relay/core_libtor_app_testing_a-relay_periodic.o
  CC       src/feature/relay/core_libtor_app_testing_a-relay_sys.o
  CC       src/feature/relay/core_libtor_app_testing_a-routerkeys.o
  CC       src/feature/relay/core_libtor_app_testing_a-selftest.o
  CC       src/feature/relay/core_libtor_app_testing_a-transport_config.o
  CC       src/feature/rend/core_libtor_app_testing_a-rendcommon.o
  CC       src/feature/rend/core_libtor_app_testing_a-rendmid.o
  CC       src/feature/stats/core_libtor_app_testing_a-bwhist.o
  CC       src/feature/stats/core_libtor_app_testing_a-connstats.o
  CC       src/feature/stats/core_libtor_app_testing_a-geoip_stats.o
  CC       src/feature/stats/core_libtor_app_testing_a-rephist.o
  CC       src/feature/stats/core_libtor_app_testing_a-predict_ports.o
  CC       src/app/config/core_libtor_app_testing_a-config.o
  CC       src/app/config/core_libtor_app_testing_a-quiet_level.o
  CC       src/app/config/core_libtor_app_testing_a-resolve_addr.o
  CC       src/app/config/core_libtor_app_testing_a-statefile.o
  CC       src/app/main/core_libtor_app_testing_a-main.o
  CC       src/app/main/core_libtor_app_testing_a-risky_options.o
  CC       src/app/main/core_libtor_app_testing_a-shutdown.o
  CC       src/app/main/core_libtor_app_testing_a-subsystem_list.o
  CC       src/app/main/core_libtor_app_testing_a-subsysmgr.o
  CC       src/feature/hs/core_libtor_app_testing_a-hs_pow.o
  AR       src/core/libtor-app-testing.a
ar: `u' modifier ignored since `D' is the default (see `U')
  CC       src/lib/compress/libtor_compress_testing_a-compress.o
  CC       src/lib/compress/libtor_compress_testing_a-compress_buf.o
  CC       src/lib/compress/libtor_compress_testing_a-compress_lzma.o
  CC       src/lib/compress/libtor_compress_testing_a-compress_none.o
  CC       src/lib/compress/libtor_compress_testing_a-compress_zlib.o
  CC       src/lib/compress/libtor_compress_testing_a-compress_zstd.o
  AR       src/lib/libtor-compress-testing.a
ar: `u' modifier ignored since `D' is the default (see `U')
  CC       src/lib/evloop/libtor_evloop_testing_a-compat_libevent.o
  CC       src/lib/evloop/libtor_evloop_testing_a-evloop_sys.o
  CC       src/lib/evloop/libtor_evloop_testing_a-procmon.o
  CC       src/lib/evloop/libtor_evloop_testing_a-timers.o
  CC       src/lib/evloop/libtor_evloop_testing_a-token_bucket.o
  CC       src/lib/evloop/libtor_evloop_testing_a-workqueue.o
  AR       src/lib/libtor-evloop-testing.a
ar: `u' modifier ignored since `D' is the default (see `U')
  CC       src/lib/tls/libtor_tls_testing_a-buffers_tls.o
  CC       src/lib/tls/libtor_tls_testing_a-tortls.o
  CC       src/lib/tls/libtor_tls_testing_a-x509.o
  CC       src/lib/tls/libtor_tls_testing_a-tortls_openssl.o
  CC       src/lib/tls/libtor_tls_testing_a-x509_openssl.o
  AR       src/lib/libtor-tls-testing.a
ar: `u' modifier ignored since `D' is the default (see `U')
  CC       src/lib/crypt_ops/libtor_crypt_ops_testing_a-crypto_cipher.o
  CC       src/lib/crypt_ops/libtor_crypt_ops_testing_a-crypto_curve25519.o
  CC       src/lib/crypt_ops/libtor_crypt_ops_testing_a-crypto_dh.o
  CC       src/lib/crypt_ops/libtor_crypt_ops_testing_a-crypto_digest.o
  CC       src/lib/crypt_ops/libtor_crypt_ops_testing_a-crypto_ed25519.o
  CC       src/lib/crypt_ops/libtor_crypt_ops_testing_a-crypto_format.o
  CC       src/lib/crypt_ops/libtor_crypt_ops_testing_a-crypto_hkdf.o
  CC       src/lib/crypt_ops/libtor_crypt_ops_testing_a-crypto_init.o
  CC       src/lib/crypt_ops/libtor_crypt_ops_testing_a-crypto_ope.o
  CC       src/lib/crypt_ops/libtor_crypt_ops_testing_a-crypto_pwbox.o
  CC       src/lib/crypt_ops/libtor_crypt_ops_testing_a-crypto_rand.o
  CC       src/lib/crypt_ops/libtor_crypt_ops_testing_a-crypto_rand_fast.o
  CC       src/lib/crypt_ops/libtor_crypt_ops_testing_a-crypto_rand_numeric.o
  CC       src/lib/crypt_ops/libtor_crypt_ops_testing_a-crypto_rsa.o
  CC       src/lib/crypt_ops/libtor_crypt_ops_testing_a-crypto_s2k.o
  CC       src/lib/crypt_ops/libtor_crypt_ops_testing_a-crypto_util.o
  CC       src/lib/crypt_ops/libtor_crypt_ops_testing_a-digestset.o
  CC       src/lib/crypt_ops/libtor_crypt_ops_testing_a-aes_openssl.o
  CC       src/lib/crypt_ops/libtor_crypt_ops_testing_a-crypto_digest_openssl.o
  CC       src/lib/crypt_ops/libtor_crypt_ops_testing_a-crypto_rsa_openssl.o
  CC       src/lib/crypt_ops/libtor_crypt_ops_testing_a-crypto_dh_openssl.o
  CC       src/lib/crypt_ops/libtor_crypt_ops_testing_a-crypto_openssl_mgt.o
  AR       src/lib/libtor-crypt-ops-testing.a
ar: `u' modifier ignored since `D' is the default (see `U')
  CC       src/ext/equix/hashx/src/libhashx_a-blake2.o
  CC       src/ext/equix/hashx/src/libhashx_a-compiler.o
  CC       src/ext/equix/hashx/src/libhashx_a-compiler_a64.o
  CC       src/ext/equix/hashx/src/libhashx_a-compiler_x86.o
  CC       src/ext/equix/hashx/src/libhashx_a-context.o
  CC       src/ext/equix/hashx/src/libhashx_a-hashx.o
  CC       src/ext/equix/hashx/src/libhashx_a-program.o
  CC       src/ext/equix/hashx/src/libhashx_a-program_exec.o
  CC       src/ext/equix/hashx/src/libhashx_a-siphash.o
  CC       src/ext/equix/hashx/src/libhashx_a-siphash_rng.o
  CC       src/ext/equix/hashx/src/libhashx_a-virtual_memory.o
  AR       src/ext/equix/libhashx.a
ar: `u' modifier ignored since `D' is the default (see `U')
  CC       src/ext/equix/src/libequix_a-context.o
  CC       src/ext/equix/src/libequix_a-equix.o
  CC       src/ext/equix/src/libequix_a-solver.o
  AR       src/ext/equix/libequix.a
ar: `u' modifier ignored since `D' is the default (see `U')
  CC       src/lib/geoip/libtor_geoip_testing_a-geoip.o
  AR       src/lib/libtor-geoip-testing.a
ar: `u' modifier ignored since `D' is the default (see `U')
  CC       src/lib/process/libtor_process_testing_a-daemon.o
  CC       src/lib/process/libtor_process_testing_a-env.o
  CC       src/lib/process/libtor_process_testing_a-pidfile.o
  CC       src/lib/process/libtor_process_testing_a-process.o
  CC       src/lib/process/libtor_process_testing_a-process_sys.o
  CC       src/lib/process/libtor_process_testing_a-process_unix.o
  CC       src/lib/process/libtor_process_testing_a-process_win32.o
  CC       src/lib/process/libtor_process_testing_a-restrict.o
  CC       src/lib/process/libtor_process_testing_a-setuid.o
  CC       src/lib/process/libtor_process_testing_a-waitpid.o
  AR       src/lib/libtor-process-testing.a
ar: `u' modifier ignored since `D' is the default (see `U')
  CC       src/lib/buf/libtor_buf_testing_a-buffers.o
  AR       src/lib/libtor-buf-testing.a
ar: `u' modifier ignored since `D' is the default (see `U')
  CC       src/lib/confmgt/libtor_confmgt_testing_a-confmgt.o
  CC       src/lib/confmgt/libtor_confmgt_testing_a-structvar.o
  CC       src/lib/confmgt/libtor_confmgt_testing_a-type_defs.o
  CC       src/lib/confmgt/libtor_confmgt_testing_a-typedvar.o
  CC       src/lib/confmgt/libtor_confmgt_testing_a-unitparse.o
  AR       src/lib/libtor-confmgt-testing.a
ar: `u' modifier ignored since `D' is the default (see `U')
  CC       src/lib/pubsub/libtor_pubsub_testing_a-pubsub_build.o
  CC       src/lib/pubsub/libtor_pubsub_testing_a-pubsub_check.o
  CC       src/lib/pubsub/libtor_pubsub_testing_a-pubsub_publish.o
  AR       src/lib/libtor-pubsub-testing.a
ar: `u' modifier ignored since `D' is the default (see `U')
  CC       src/lib/dispatch/libtor_dispatch_testing_a-dispatch_cfg.o
  CC       src/lib/dispatch/libtor_dispatch_testing_a-dispatch_core.o
  CC       src/lib/dispatch/libtor_dispatch_testing_a-dispatch_naming.o
  CC       src/lib/dispatch/libtor_dispatch_testing_a-dispatch_new.o
  AR       src/lib/libtor-dispatch-testing.a
ar: `u' modifier ignored since `D' is the default (see `U')
  CC       src/lib/time/libtor_time_testing_a-compat_time.o
  CC       src/lib/time/libtor_time_testing_a-time_sys.o
  CC       src/lib/time/libtor_time_testing_a-tvdiff.o
  AR       src/lib/libtor-time-testing.a
ar: `u' modifier ignored since `D' is the default (see `U')
  CC       src/lib/fs/libtor_fs_testing_a-conffile.o
  CC       src/lib/fs/libtor_fs_testing_a-dir.o
  CC       src/lib/fs/libtor_fs_testing_a-files.o
  CC       src/lib/fs/libtor_fs_testing_a-freespace.o
  CC       src/lib/fs/libtor_fs_testing_a-lockfile.o
  CC       src/lib/fs/libtor_fs_testing_a-mmap.o
  CC       src/lib/fs/libtor_fs_testing_a-path.o
  CC       src/lib/fs/libtor_fs_testing_a-storagedir.o
  CC       src/lib/fs/libtor_fs_testing_a-userdb.o
  AR       src/lib/libtor-fs-testing.a
ar: `u' modifier ignored since `D' is the default (see `U')
  CC       src/lib/encoding/libtor_encoding_testing_a-binascii.o
  CC       src/lib/encoding/libtor_encoding_testing_a-confline.o
  CC       src/lib/encoding/libtor_encoding_testing_a-cstring.o
  CC       src/lib/encoding/libtor_encoding_testing_a-keyval.o
  CC       src/lib/encoding/libtor_encoding_testing_a-kvline.o
  CC       src/lib/encoding/libtor_encoding_testing_a-pem.o
  CC       src/lib/encoding/libtor_encoding_testing_a-qstring.o
  CC       src/lib/encoding/libtor_encoding_testing_a-time_fmt.o
  AR       src/lib/libtor-encoding-testing.a
ar: `u' modifier ignored since `D' is the default (see `U')
  CC       src/lib/sandbox/libtor_sandbox_testing_a-sandbox.o
  AR       src/lib/libtor-sandbox-testing.a
ar: `u' modifier ignored since `D' is the default (see `U')
  CC       src/lib/container/libtor_container_testing_a-bloomfilt.o
  CC       src/lib/container/libtor_container_testing_a-map.o
  CC       src/lib/container/libtor_container_testing_a-namemap.o
  CC       src/lib/container/libtor_container_testing_a-order.o
  CC       src/lib/container/libtor_container_testing_a-smartlist.o
  AR       src/lib/libtor-container-testing.a
ar: `u' modifier ignored since `D' is the default (see `U')
  CC       src/lib/net/libtor_net_testing_a-address.o
  CC       src/lib/net/libtor_net_testing_a-alertsock.o
  CC       src/lib/net/libtor_net_testing_a-buffers_net.o
  CC       src/lib/net/libtor_net_testing_a-gethostname.o
  CC       src/lib/net/libtor_net_testing_a-inaddr.o
  CC       src/lib/net/libtor_net_testing_a-network_sys.o
  CC       src/lib/net/libtor_net_testing_a-resolve.o
  CC       src/lib/net/libtor_net_testing_a-socket.o
  CC       src/lib/net/libtor_net_testing_a-socketpair.o
  AR       src/lib/libtor-net-testing.a
ar: `u' modifier ignored since `D' is the default (see `U')
  CC       src/lib/thread/libtor_thread_testing_a-compat_threads.o
  CC       src/lib/thread/libtor_thread_testing_a-numcpus.o
  CC       src/lib/thread/libtor_thread_testing_a-compat_pthreads.o
  AR       src/lib/libtor-thread-testing.a
ar: `u' modifier ignored since `D' is the default (see `U')
  CC       src/lib/memarea/libtor_memarea_testing_a-memarea.o
  AR       src/lib/libtor-memarea-testing.a
ar: `u' modifier ignored since `D' is the default (see `U')
  CC       src/lib/math/libtor_math_testing_a-fp.o
  CC       src/lib/math/libtor_math_testing_a-laplace.o
  CC       src/lib/math/libtor_math_testing_a-prob_distr.o
  AR       src/lib/libtor-math-testing.a
ar: `u' modifier ignored since `D' is the default (see `U')
  CC       src/lib/meminfo/libtor_meminfo_testing_a-meminfo.o
  AR       src/lib/libtor-meminfo-testing.a
ar: `u' modifier ignored since `D' is the default (see `U')
  CC       src/lib/osinfo/libtor_osinfo_testing_a-uname.o
  CC       src/lib/osinfo/libtor_osinfo_testing_a-libc.o
  AR       src/lib/libtor-osinfo-testing.a
ar: `u' modifier ignored since `D' is the default (see `U')
  CC       src/lib/term/libtor_term_testing_a-getpass.o
  CC       src/ext/lib_libtor_term_testing_a-readpassphrase.o
  AR       src/lib/libtor-term-testing.a
ar: `u' modifier ignored since `D' is the default (see `U')
  CC       src/lib/log/libtor_log_testing_a-escape.o
  CC       src/lib/log/libtor_log_testing_a-ratelim.o
  CC       src/lib/log/libtor_log_testing_a-log.o
  CC       src/lib/log/libtor_log_testing_a-log_sys.o
  CC       src/lib/log/libtor_log_testing_a-util_bug.o
  AR       src/lib/libtor-log-testing.a
ar: `u' modifier ignored since `D' is the default (see `U')
  CC       src/lib/lock/libtor_lock_testing_a-compat_mutex.o
  CC       src/lib/lock/libtor_lock_testing_a-compat_mutex_pthreads.o
  AR       src/lib/libtor-lock-testing.a
ar: `u' modifier ignored since `D' is the default (see `U')
  CC       src/lib/fdio/libtor_fdio_testing_a-fdio.o
  AR       src/lib/libtor-fdio-testing.a
ar: `u' modifier ignored since `D' is the default (see `U')
  CC       src/lib/string/libtor_string_testing_a-compat_ctype.o
  CC       src/lib/string/libtor_string_testing_a-compat_string.o
  CC       src/lib/string/libtor_string_testing_a-util_string.o
  CC       src/lib/string/libtor_string_testing_a-parse_int.o
  CC       src/lib/string/libtor_string_testing_a-printf.o
  CC       src/lib/string/libtor_string_testing_a-scanf.o
  AR       src/lib/libtor-string-testing.a
ar: `u' modifier ignored since `D' is the default (see `U')
  CC       src/lib/smartlist_core/libtor_smartlist_core_testing_a-smartlist_core.o
  CC       src/lib/smartlist_core/libtor_smartlist_core_testing_a-smartlist_split.o
  AR       src/lib/libtor-smartlist-core-testing.a
ar: `u' modifier ignored since `D' is the default (see `U')
  CC       src/lib/malloc/libtor_malloc_testing_a-malloc.o
  CC       src/lib/malloc/libtor_malloc_testing_a-map_anon.o
  AR       src/lib/libtor-malloc-testing.a
ar: `u' modifier ignored since `D' is the default (see `U')
  CC       src/lib/wallclock/libtor_wallclock_testing_a-approx_time.o
  CC       src/lib/wallclock/libtor_wallclock_testing_a-time_to_tm.o
  CC       src/lib/wallclock/libtor_wallclock_testing_a-tor_gettimeofday.o
  AR       src/lib/libtor-wallclock-testing.a
ar: `u' modifier ignored since `D' is the default (see `U')
  CC       src/lib/err/libtor_err_testing_a-backtrace.o
  CC       src/lib/err/libtor_err_testing_a-torerr.o
  CC       src/lib/err/libtor_err_testing_a-torerr_sys.o
  AR       src/lib/libtor-err-testing.a
ar: `u' modifier ignored since `D' is the default (see `U')
  CC       src/lib/version/libtor_version_testing_a-git_revision.o
  CC       src/lib/version/libtor_version_testing_a-version.o
  AR       src/lib/libtor-version-testing.a
ar: `u' modifier ignored since `D' is the default (see `U')
  CC       src/lib/llharden/libtor_llharden_testing_a-winprocess_sys.o
  AR       src/lib/libtor-llharden-testing.a
ar: `u' modifier ignored since `D' is the default (see `U')
  CC       src/ext/lib_libtor_ctime_testing_a-csiphash.o
  CC       src/lib/ctime/libtor_ctime_testing_a-di_ops.o
  AR       src/lib/libtor-ctime-testing.a
ar: `u' modifier ignored since `D' is the default (see `U')
  CC       src/lib/metrics/libtor_metrics_testing_a-metrics_store.o
  CC       src/lib/metrics/libtor_metrics_testing_a-metrics_store_entry.o
  CC       src/lib/metrics/libtor_metrics_testing_a-metrics_common.o
  CC       src/lib/metrics/libtor_metrics_testing_a-prometheus.o
  AR       src/lib/libtor-metrics-testing.a
ar: `u' modifier ignored since `D' is the default (see `U')
  CC       src/ext/trunnel/trunnel_libor_trunnel_testing_a-trunnel.o
  CC       src/trunnel/libor_trunnel_testing_a-ed25519_cert.o
  CC       src/trunnel/libor_trunnel_testing_a-extension.o
  CC       src/trunnel/libor_trunnel_testing_a-link_handshake.o
  CC       src/trunnel/libor_trunnel_testing_a-pwbox.o
  CC       src/trunnel/hs/libor_trunnel_testing_a-cell_establish_intro.o
  CC       src/trunnel/hs/libor_trunnel_testing_a-cell_introduce1.o
  CC       src/trunnel/hs/libor_trunnel_testing_a-cell_rendezvous.o
  CC       src/trunnel/libor_trunnel_testing_a-channelpadding_negotiation.o
  CC       src/trunnel/libor_trunnel_testing_a-sendme_cell.o
  CC       src/trunnel/libor_trunnel_testing_a-flow_control_cells.o
  CC       src/trunnel/libor_trunnel_testing_a-congestion_control.o
  CC       src/trunnel/libor_trunnel_testing_a-socks5.o
  CC       src/trunnel/libor_trunnel_testing_a-netinfo.o
  CC       src/trunnel/libor_trunnel_testing_a-circpad_negotiation.o
  CC       src/trunnel/libor_trunnel_testing_a-conflux.o
  AR       src/trunnel/libor-trunnel-testing.a
ar: `u' modifier ignored since `D' is the default (see `U')
  AR       src/test/libtor-testing.a
ar: `u' modifier ignored since `D' is the default (see `U')
  CCLD     src/test/test
  CC       src/test/test_slow-rng_test_helpers.o
  CC       src/test/test_slow-test_slow.o
  CC       src/test/test_slow-test_crypto_slow.o
  CC       src/test/test_slow-test_process_slow.o
  CC       src/test/test_slow-test_hs_pow_slow.o
  CC       src/test/test_slow-test_prob_distr.o
  CC       src/test/test_slow-ptr_helpers.o
  CC       src/test/test_slow-test_ptr_slow.o
  CC       src/test/test_slow-testing_common.o
  CC       src/test/test_slow-testing_rsakeys.o
  CC       src/ext/test_test_slow-tinytest.o
  CCLD     src/test/test-slow
  CC       src/test/test_memwipe-test-memwipe.o
  CCLD     src/test/test-memwipe
  CC       src/test/test-process.o
  CCLD     src/test/test-process
  CC       src/test/test_workqueue-test_workqueue.o
  CCLD     src/test/test_workqueue
  CC       src/test/test_switch_id-test_switch_id.o
  CCLD     src/test/test-switch-id
  CC       src/test/test_timers-test-timers.o
  CCLD     src/test/test-timers
  CC       src/test/test_rng-test_rng.o
  CCLD     src/test/test-rng
  CC       src/test/test_ntor_cl.o
  CCLD     src/test/test-ntor-cl
  CC       src/test/test_hs_ntor_cl.o
  CCLD     src/test/test-hs-ntor-cl
  CC       src/test/test_bt_cl-test_bt_cl.o
  CCLD     src/test/test-bt-cl
  CC       src/test/fuzz/fuzz_address-fuzzing_common.o
  CC       src/test/fuzz/fuzz_address-fuzz_address.o
  CCLD     src/test/fuzz/fuzz-address
  CC       src/test/fuzz/fuzz_addressPTR-fuzzing_common.o
  CC       src/test/fuzz/fuzz_addressPTR-fuzz_addressPTR.o
  CCLD     src/test/fuzz/fuzz-addressPTR
  CC       src/test/fuzz/fuzz_consensus-fuzzing_common.o
  CC       src/test/fuzz/fuzz_consensus-fuzz_consensus.o
  CCLD     src/test/fuzz/fuzz-consensus
  CC       src/test/fuzz/fuzz_descriptor-fuzzing_common.o
  CC       src/test/fuzz/fuzz_descriptor-fuzz_descriptor.o
  CCLD     src/test/fuzz/fuzz-descriptor
  CC       src/test/fuzz/fuzz_diff-fuzzing_common.o
  CC       src/test/fuzz/fuzz_diff-fuzz_diff.o
  CCLD     src/test/fuzz/fuzz-diff
  CC       src/test/fuzz/fuzz_diff_apply-fuzzing_common.o
  CC       src/test/fuzz/fuzz_diff_apply-fuzz_diff_apply.o
  CCLD     src/test/fuzz/fuzz-diff-apply
  CC       src/test/fuzz/fuzz_extrainfo-fuzzing_common.o
  CC       src/test/fuzz/fuzz_extrainfo-fuzz_extrainfo.o
  CCLD     src/test/fuzz/fuzz-extrainfo
  CC       src/test/fuzz/fuzz_hsdescv3-fuzzing_common.o
  CC       src/test/fuzz/fuzz_hsdescv3-fuzz_hsdescv3.o
  CCLD     src/test/fuzz/fuzz-hsdescv3
  CC       src/test/fuzz/fuzz_hsdescv3_inner-fuzzing_common.o
  CC       src/test/fuzz/fuzz_hsdescv3_inner-fuzz_hsdescv3_inner.o
  CCLD     src/test/fuzz/fuzz-hsdescv3-inner
  CC       src/test/fuzz/fuzz_hsdescv3_middle-fuzzing_common.o
  CC       src/test/fuzz/fuzz_hsdescv3_middle-fuzz_hsdescv3_middle.o
  CCLD     src/test/fuzz/fuzz-hsdescv3-middle
  CC       src/test/fuzz/fuzz_http-fuzzing_common.o
  CC       src/test/fuzz/fuzz_http-fuzz_http.o
  CCLD     src/test/fuzz/fuzz-http
  CC       src/test/fuzz/fuzz_http_connect-fuzzing_common.o
  CC       src/test/fuzz/fuzz_http_connect-fuzz_http_connect.o
  CCLD     src/test/fuzz/fuzz-http-connect
  CC       src/test/fuzz/fuzz_microdesc-fuzzing_common.o
  CC       src/test/fuzz/fuzz_microdesc-fuzz_microdesc.o
  CCLD     src/test/fuzz/fuzz-microdesc
  CC       src/test/fuzz/fuzz_socks-fuzzing_common.o
  CC       src/test/fuzz/fuzz_socks-fuzz_socks.o
  CCLD     src/test/fuzz/fuzz-socks
  CC       src/test/fuzz/fuzz_strops-fuzzing_common.o
  CC       src/test/fuzz/fuzz_strops-fuzz_strops.o
  CCLD     src/test/fuzz/fuzz-strops
  CC       src/test/fuzz/fuzz_vrs-fuzzing_common.o
  CC       src/test/fuzz/fuzz_vrs-fuzz_vrs.o
  CCLD     src/test/fuzz/fuzz-vrs
  CC       src/lib/intmath/libtor_intmath_testing_a-addsub.o
  CC       src/lib/intmath/libtor_intmath_testing_a-bits.o
  CC       src/lib/intmath/libtor_intmath_testing_a-muldiv.o
  CC       src/lib/intmath/libtor_intmath_testing_a-weakrng.o
  AR       src/lib/libtor-intmath-testing.a
ar: `u' modifier ignored since `D' is the default (see `U')
  CC       src/tools/tor_runner.o
  AR       src/tools/libtorrunner.a
ar: `u' modifier ignored since `D' is the default (see `U')
make[1]: Leaving directory '/home/zak/tor'
